<?xml version="1.0" encoding="UTF-8"?>
<!-- Generated by org.testng.reporters.JUnitReportReporter -->
<testsuite hostname="DESKTOP-RB71H0V" failures="0" tests="1" name="DataDriven.Datadriven.ReadData" time="5.642" errors="0" timestamp="2024-02-27T13:16:24 IST" skipped="0">
  <testcase classname="DataDriven.Datadriven.ReadData" name="fblogin" time="5.642"/>
  <system-out/>
</testsuite> <!-- DataDriven.Datadriven.ReadData -->
